2026-03-09 02:06:48 | doc_intelligence | INFO | Loading embedding model: all-MiniLM-L6-v2 on cpu
Loading weights:   0%|          | 0/103 [00:00<?, ?it/s]Loading weights: 100%|██████████| 103/103 [00:00<00:00, 8596.25it/s]
[1mBertModel LOAD REPORT[0m from: sentence-transformers/all-MiniLM-L6-v2
Key                     | Status     |  | 
------------------------+------------+--+-
embeddings.position_ids | UNEXPECTED |  | 

[3mNotes:
- UNEXPECTED[3m	:can be ignored when loading from different task/architecture; not ok if you expect identical arch.[0m
Warning: You are sending unauthenticated requests to the HF Hub. Please set a HF_TOKEN to enable higher rate limits and faster downloads.
2026-03-09 02:06:52 | doc_intelligence | INFO | LangSmith tracing not configured, using local evaluation only
2026-03-09 02:06:52 | doc_intelligence | INFO | All components initialized successfully
INFO:     Will watch for changes in these directories: ['/Users/parthwadhwa/Desktop/multimodal rag/multimodal_rag']
INFO:     Uvicorn running on http://0.0.0.0:8000 (Press CTRL+C to quit)
INFO:     Started reloader process [52196] using WatchFiles
2026-03-09 02:06:56 | doc_intelligence | INFO | Loading embedding model: all-MiniLM-L6-v2 on cpu
Warning: You are sending unauthenticated requests to the HF Hub. Please set a HF_TOKEN to enable higher rate limits and faster downloads.
Loading weights:   0%|          | 0/103 [00:00<?, ?it/s]Loading weights: 100%|██████████| 103/103 [00:00<00:00, 3081.72it/s]
[1mBertModel LOAD REPORT[0m from: sentence-transformers/all-MiniLM-L6-v2
Key                     | Status     |  | 
------------------------+------------+--+-
embeddings.position_ids | UNEXPECTED |  | 

[3mNotes:
- UNEXPECTED[3m	:can be ignored when loading from different task/architecture; not ok if you expect identical arch.[0m
2026-03-09 02:07:00 | doc_intelligence | INFO | LangSmith tracing not configured, using local evaluation only
2026-03-09 02:07:00 | doc_intelligence | INFO | All components initialized successfully
2026-03-09 02:07:00 | doc_intelligence | INFO | Loading embedding model: all-MiniLM-L6-v2 on cpu
Loading weights:   0%|          | 0/103 [00:00<?, ?it/s]Loading weights: 100%|██████████| 103/103 [00:00<00:00, 10802.22it/s]
[1mBertModel LOAD REPORT[0m from: sentence-transformers/all-MiniLM-L6-v2
Key                     | Status     |  | 
------------------------+------------+--+-
embeddings.position_ids | UNEXPECTED |  | 

[3mNotes:
- UNEXPECTED[3m	:can be ignored when loading from different task/architecture; not ok if you expect identical arch.[0m
2026-03-09 02:07:04 | doc_intelligence | INFO | LangSmith tracing not configured, using local evaluation only
2026-03-09 02:07:04 | doc_intelligence | INFO | All components initialized successfully
INFO:     Started server process [52545]
INFO:     Waiting for application startup.
INFO:     Application startup complete.
2026-03-09 02:07:07 | doc_intelligence | INFO | ChromaDB initialized at /Users/parthwadhwa/Desktop/multimodal rag/multimodal_rag/multimodal_rag/vector_store/chroma_db
2026-03-09 02:07:07 | doc_intelligence | INFO | Collection 'drug_documents' ready (620 documents)
INFO:     127.0.0.1:54462 - "GET /health HTTP/1.1" 200 OK
INFO:     127.0.0.1:54532 - "OPTIONS /query HTTP/1.1" 200 OK
2026-03-09 02:09:40 | doc_intelligence | INFO | BM25 index built with 620 documents
2026-03-09 02:09:40 | doc_intelligence | INFO | Hybrid retrieval: 10 dense, 10 BM25
2026-03-09 02:09:40 | doc_intelligence | INFO | RRF fusion produced 5 results
INFO:     127.0.0.1:54532 - "POST /query HTTP/1.1" 200 OK
2026-03-09 02:10:53 | doc_intelligence | INFO | Hybrid retrieval: 10 dense, 10 BM25
2026-03-09 02:10:53 | doc_intelligence | INFO | RRF fusion produced 5 results
INFO:     127.0.0.1:54577 - "POST /query HTTP/1.1" 200 OK
bash: line 1: 52196 Killed: 9               python -m backend.api.main
/Library/Frameworks/Python.framework/Versions/3.11/lib/python3.11/multiprocessing/resource_tracker.py:224: UserWarning: resource_tracker: There appear to be 2 leaked semaphore objects to clean up at shutdown
  warnings.warn('resource_tracker: There appear to be %d '
